Build started 06/11/2015 16:36:14.
     1>Project "E:\Users\Amanda\Uni\C++\CW2\DockingSystem\DockingSystem\DockingSystem.vcxproj" on node 2 (Build target(s)).
     1>ClCompile:
         C:\Program Files (x86)\Microsoft Visual Studio 12.0\VC\bin\CL.exe /c /ZI /nologo /W4 /WX- /sdl- /Od /Oy- /D _MBCS /Gm /EHsc /RTC1 /MDd /GS /fp:precise /Zc:wchar_t /Zc:forScope /Fo"Debug\\" /Fd"Debug\vc120.pdb" /Gd /TP /analyze- /errorReport:prompt Dock.cpp Main.cpp Port.cpp Berth.cpp Row.cpp Ship.cpp
         Ship.cpp
         Row.cpp
         Berth.cpp
         Port.cpp
     1>e:\users\amanda\uni\c++\cw2\dockingsystem\dockingsystem\port.cpp(14): warning C4018: '<' : signed/unsigned mismatch
     1>e:\users\amanda\uni\c++\cw2\dockingsystem\dockingsystem\port.cpp(36): warning C4996: 'localtime': This function or variable may be unsafe. Consider using localtime_s instead. To disable deprecation, use _CRT_SECURE_NO_WARNINGS. See online help for details.
                 c:\program files (x86)\microsoft visual studio 12.0\vc\include\time.inl(112) : see declaration of 'localtime'
     1>e:\users\amanda\uni\c++\cw2\dockingsystem\dockingsystem\port.cpp(44): warning C4018: '<' : signed/unsigned mismatch
     1>e:\users\amanda\uni\c++\cw2\dockingsystem\dockingsystem\port.cpp(51): warning C4018: '<' : signed/unsigned mismatch
     1>e:\users\amanda\uni\c++\cw2\dockingsystem\dockingsystem\port.cpp(67): warning C4996: 'asctime': This function or variable may be unsafe. Consider using asctime_s instead. To disable deprecation, use _CRT_SECURE_NO_WARNINGS. See online help for details.
                 c:\program files (x86)\microsoft visual studio 12.0\vc\include\time.h(174) : see declaration of 'asctime'
     1>e:\users\amanda\uni\c++\cw2\dockingsystem\dockingsystem\port.cpp(79): warning C4018: '<' : signed/unsigned mismatch
     1>e:\users\amanda\uni\c++\cw2\dockingsystem\dockingsystem\port.cpp(84): warning C4018: '<' : signed/unsigned mismatch
     1>e:\users\amanda\uni\c++\cw2\dockingsystem\dockingsystem\port.cpp(100): warning C4996: 'asctime': This function or variable may be unsafe. Consider using asctime_s instead. To disable deprecation, use _CRT_SECURE_NO_WARNINGS. See online help for details.
                 c:\program files (x86)\microsoft visual studio 12.0\vc\include\time.h(174) : see declaration of 'asctime'
     1>e:\users\amanda\uni\c++\cw2\dockingsystem\dockingsystem\port.cpp(118): warning C4996: 'asctime': This function or variable may be unsafe. Consider using asctime_s instead. To disable deprecation, use _CRT_SECURE_NO_WARNINGS. See online help for details.
                 c:\program files (x86)\microsoft visual studio 12.0\vc\include\time.h(174) : see declaration of 'asctime'
     1>e:\users\amanda\uni\c++\cw2\dockingsystem\dockingsystem\port.cpp(129): warning C4996: 'asctime': This function or variable may be unsafe. Consider using asctime_s instead. To disable deprecation, use _CRT_SECURE_NO_WARNINGS. See online help for details.
                 c:\program files (x86)\microsoft visual studio 12.0\vc\include\time.h(174) : see declaration of 'asctime'
     1>e:\users\amanda\uni\c++\cw2\dockingsystem\dockingsystem\port.cpp(145): warning C4996: 'localtime': This function or variable may be unsafe. Consider using localtime_s instead. To disable deprecation, use _CRT_SECURE_NO_WARNINGS. See online help for details.
                 c:\program files (x86)\microsoft visual studio 12.0\vc\include\time.inl(112) : see declaration of 'localtime'
     1>e:\users\amanda\uni\c++\cw2\dockingsystem\dockingsystem\port.cpp(147): warning C4018: '<' : signed/unsigned mismatch
     1>e:\users\amanda\uni\c++\cw2\dockingsystem\dockingsystem\port.cpp(152): warning C4018: '<' : signed/unsigned mismatch
     1>e:\users\amanda\uni\c++\cw2\dockingsystem\dockingsystem\port.cpp(171): warning C4996: 'asctime': This function or variable may be unsafe. Consider using asctime_s instead. To disable deprecation, use _CRT_SECURE_NO_WARNINGS. See online help for details.
                 c:\program files (x86)\microsoft visual studio 12.0\vc\include\time.h(174) : see declaration of 'asctime'
     1>e:\users\amanda\uni\c++\cw2\dockingsystem\dockingsystem\port.cpp(205): warning C4018: '<' : signed/unsigned mismatch
     1>e:\users\amanda\uni\c++\cw2\dockingsystem\dockingsystem\port.cpp(210): warning C4018: '<' : signed/unsigned mismatch
     1>e:\users\amanda\uni\c++\cw2\dockingsystem\dockingsystem\port.cpp(244): warning C4018: '<' : signed/unsigned mismatch
     1>e:\users\amanda\uni\c++\cw2\dockingsystem\dockingsystem\port.cpp(250): warning C4018: '<' : signed/unsigned mismatch
         Main.cpp
     1>e:\users\amanda\uni\c++\cw2\dockingsystem\dockingsystem\main.cpp(16): warning C4127: conditional expression is constant
     1>e:\users\amanda\uni\c++\cw2\dockingsystem\dockingsystem\main.cpp(12): warning C4101: 'InputType' : unreferenced local variable
         Dock.cpp
     1>e:\users\amanda\uni\c++\cw2\dockingsystem\dockingsystem\dock.cpp(9): warning C4018: '<' : signed/unsigned mismatch
         Generating Code...
       Link:
         C:\Program Files (x86)\Microsoft Visual Studio 12.0\VC\bin\link.exe /ERRORREPORT:PROMPT /OUT:"E:\Users\Amanda\Uni\C++\CW2\DockingSystem\Debug\DockingSystem.exe" /INCREMENTAL /NOLOGO kernel32.lib user32.lib gdi32.lib winspool.lib comdlg32.lib advapi32.lib shell32.lib ole32.lib oleaut32.lib uuid.lib odbc32.lib odbccp32.lib /MANIFEST /MANIFESTUAC:"level='asInvoker' uiAccess='false'" /manifest:embed /DEBUG /PDB:"E:\Users\Amanda\Uni\C++\CW2\DockingSystem\Debug\DockingSystem.pdb" /TLBID:1 /DYNAMICBASE /NXCOMPAT /IMPLIB:"E:\Users\Amanda\Uni\C++\CW2\DockingSystem\Debug\DockingSystem.lib" /MACHINE:X86 Debug\Dock.obj
         Debug\Main.obj
         Debug\Port.obj
         Debug\Berth.obj
         Debug\Row.obj
         Debug\Ship.obj
         DockingSystem.vcxproj -> E:\Users\Amanda\Uni\C++\CW2\DockingSystem\Debug\DockingSystem.exe
     1>Done Building Project "E:\Users\Amanda\Uni\C++\CW2\DockingSystem\DockingSystem\DockingSystem.vcxproj" (Build target(s)).

Build succeeded.

Time Elapsed 00:00:03.32
